#####################################################################################################################################
#                                                                                                                                   #
# Installation service 'Generic Options > Search and Classification (TREX) > TREX System', product id 'TREX_INSTALL:GENERIC.IND.PD' #
#                                                                                                                                   #
#####################################################################################################################################

##NO PARAMS!!!##